2026-05-07 13:09:21,502 - changes - INFO - [session_218fbd4e] File modified: D:\antigravity\vulnerable app\runtime\session_218fbd4e\secret.txt
2026-05-07 13:09:21,503 - changes - INFO - [session_218fbd4e] File modified: D:\antigravity\vulnerable app\runtime\session_218fbd4e\instance\database.db
2026-05-07 13:09:21,505 - changes - INFO - [session_218fbd4e] File modified: D:\antigravity\vulnerable app\runtime\session_218fbd4e\static\downloads\readme.txt
2026-05-07 13:09:25,724 - changes - INFO - [session_09b54418] File modified: D:\antigravity\vulnerable app\runtime\session_09b54418\secret.txt
2026-05-07 13:09:25,726 - changes - INFO - [session_09b54418] File modified: D:\antigravity\vulnerable app\runtime\session_09b54418\instance\database.db
2026-05-07 13:09:25,729 - changes - INFO - [session_09b54418] File modified: D:\antigravity\vulnerable app\runtime\session_09b54418\static\downloads\readme.txt
2026-05-07 13:09:31,507 - changes - INFO - [session_218fbd4e] File modified: D:\antigravity\vulnerable app\runtime\session_218fbd4e\secret.txt
2026-05-07 13:09:31,507 - changes - INFO - [session_218fbd4e] File modified: D:\antigravity\vulnerable app\runtime\session_218fbd4e\instance\database.db
2026-05-07 13:09:31,508 - changes - INFO - [session_218fbd4e] File modified: D:\antigravity\vulnerable app\runtime\session_218fbd4e\static\downloads\readme.txt
2026-05-07 13:09:35,737 - changes - INFO - [session_09b54418] File modified: D:\antigravity\vulnerable app\runtime\session_09b54418\secret.txt
2026-05-07 13:09:35,738 - changes - INFO - [session_09b54418] File modified: D:\antigravity\vulnerable app\runtime\session_09b54418\instance\database.db
2026-05-07 13:09:35,738 - changes - INFO - [session_09b54418] File modified: D:\antigravity\vulnerable app\runtime\session_09b54418\static\downloads\readme.txt
2026-05-07 13:09:41,509 - changes - INFO - [session_218fbd4e] File modified: D:\antigravity\vulnerable app\runtime\session_218fbd4e\secret.txt
2026-05-07 13:09:41,510 - changes - INFO - [session_218fbd4e] File modified: D:\antigravity\vulnerable app\runtime\session_218fbd4e\instance\database.db
2026-05-07 13:09:41,510 - changes - INFO - [session_218fbd4e] File modified: D:\antigravity\vulnerable app\runtime\session_218fbd4e\static\downloads\readme.txt
2026-05-07 13:18:44,955 - changes - INFO - [session_9796c4ed] File modified: D:\antigravity\vulnerable app\runtime\session_9796c4ed\secret.txt
2026-05-07 13:18:44,956 - changes - INFO - [session_9796c4ed] File modified: D:\antigravity\vulnerable app\runtime\session_9796c4ed\instance\database.db
2026-05-07 13:18:44,957 - changes - INFO - [session_9796c4ed] File modified: D:\antigravity\vulnerable app\runtime\session_9796c4ed\static\downloads\readme.txt
2026-05-07 13:18:54,959 - changes - INFO - [session_9796c4ed] File modified: D:\antigravity\vulnerable app\runtime\session_9796c4ed\secret.txt
2026-05-07 13:18:54,959 - changes - INFO - [session_9796c4ed] File modified: D:\antigravity\vulnerable app\runtime\session_9796c4ed\instance\database.db
2026-05-07 13:18:54,959 - changes - INFO - [session_9796c4ed] File modified: D:\antigravity\vulnerable app\runtime\session_9796c4ed\static\downloads\readme.txt
2026-05-07 13:19:04,962 - changes - INFO - [session_9796c4ed] File modified: D:\antigravity\vulnerable app\runtime\session_9796c4ed\secret.txt
2026-05-07 13:19:04,964 - changes - INFO - [session_9796c4ed] File modified: D:\antigravity\vulnerable app\runtime\session_9796c4ed\instance\database.db
2026-05-07 13:19:04,965 - changes - INFO - [session_9796c4ed] File modified: D:\antigravity\vulnerable app\runtime\session_9796c4ed\static\downloads\readme.txt
2026-05-07 13:27:32,791 - changes - INFO - [session_0197a13f] File modified: D:\antigravity\vulnerable app\runtime\session_0197a13f\secret.txt
2026-05-07 13:27:32,793 - changes - INFO - [session_0197a13f] File modified: D:\antigravity\vulnerable app\runtime\session_0197a13f\instance\database.db
2026-05-07 13:27:32,795 - changes - INFO - [session_0197a13f] File modified: D:\antigravity\vulnerable app\runtime\session_0197a13f\static\downloads\readme.txt
2026-05-07 13:27:42,802 - changes - INFO - [session_0197a13f] File modified: D:\antigravity\vulnerable app\runtime\session_0197a13f\secret.txt
2026-05-07 13:27:42,803 - changes - INFO - [session_0197a13f] File modified: D:\antigravity\vulnerable app\runtime\session_0197a13f\instance\database.db
2026-05-07 13:27:42,805 - changes - INFO - [session_0197a13f] File modified: D:\antigravity\vulnerable app\runtime\session_0197a13f\static\downloads\readme.txt
2026-05-07 13:30:32,876 - changes - INFO - [session_0197a13f] File modified: D:\antigravity\vulnerable app\runtime\session_0197a13f\secret.txt
2026-05-07 13:30:32,877 - changes - INFO - [session_0197a13f] File modified: D:\antigravity\vulnerable app\runtime\session_0197a13f\instance\database.db
2026-05-07 13:30:32,879 - changes - INFO - [session_0197a13f] File modified: D:\antigravity\vulnerable app\runtime\session_0197a13f\static\downloads\readme.txt
2026-05-07 13:30:52,888 - changes - INFO - [session_0197a13f] File modified: D:\antigravity\vulnerable app\runtime\session_0197a13f\secret.txt
2026-05-07 13:30:52,890 - changes - INFO - [session_0197a13f] File modified: D:\antigravity\vulnerable app\runtime\session_0197a13f\instance\database.db
2026-05-07 13:30:52,891 - changes - INFO - [session_0197a13f] File modified: D:\antigravity\vulnerable app\runtime\session_0197a13f\static\downloads\readme.txt
2026-05-07 13:31:12,897 - changes - INFO - [session_0197a13f] File modified: D:\antigravity\vulnerable app\runtime\session_0197a13f\secret.txt
2026-05-07 13:31:12,897 - changes - INFO - [session_0197a13f] File modified: D:\antigravity\vulnerable app\runtime\session_0197a13f\instance\database.db
2026-05-07 13:31:12,898 - changes - INFO - [session_0197a13f] File modified: D:\antigravity\vulnerable app\runtime\session_0197a13f\static\downloads\readme.txt
2026-05-07 13:32:32,935 - changes - INFO - [session_0197a13f] File modified: D:\antigravity\vulnerable app\runtime\session_0197a13f\secret.txt
2026-05-07 13:32:32,935 - changes - INFO - [session_0197a13f] File modified: D:\antigravity\vulnerable app\runtime\session_0197a13f\instance\database.db
2026-05-07 13:32:32,936 - changes - INFO - [session_0197a13f] File modified: D:\antigravity\vulnerable app\runtime\session_0197a13f\static\downloads\readme.txt
2026-05-07 16:41:39,001 - changes - WARNING - [session_07560433] File deleted: d:\antigravity\vulnerable app\runtime\session_07560433\templates\login.html
2026-05-07 16:41:49,005 - changes - WARNING - [session_07560433] File deleted: d:\antigravity\vulnerable app\runtime\session_07560433\templates\index.html
2026-05-07 16:43:29,059 - changes - WARNING - [session_07560433] File deleted: d:\antigravity\vulnerable app\runtime\session_07560433\templates\cart.html
2026-05-07 17:25:17,073 - changes - WARNING - [session_7fe24932] File deleted: d:\antigravity\vulnerable app\runtime\session_7fe24932\templates\login.html
2026-05-07 17:25:27,078 - changes - WARNING - [session_7fe24932] File deleted: d:\antigravity\vulnerable app\runtime\session_7fe24932\templates\cart.html
2026-05-07 17:25:37,080 - changes - WARNING - [session_7fe24932] File deleted: d:\antigravity\vulnerable app\runtime\session_7fe24932\templates\checkout.html
2026-05-07 17:26:27,106 - changes - WARNING - [session_7fe24932] File deleted: d:\antigravity\vulnerable app\runtime\session_7fe24932\models.py
2026-05-07 17:26:27,106 - changes - WARNING - [session_7fe24932] File deleted: d:\antigravity\vulnerable app\runtime\session_7fe24932\requirements.txt
2026-05-07 17:26:27,106 - changes - WARNING - [session_7fe24932] File deleted: d:\antigravity\vulnerable app\runtime\session_7fe24932\secret.txt
2026-05-07 17:26:27,106 - changes - WARNING - [session_7fe24932] File deleted: d:\antigravity\vulnerable app\runtime\session_7fe24932\static\css\style.css
2026-05-07 17:26:27,106 - changes - WARNING - [session_7fe24932] File deleted: d:\antigravity\vulnerable app\runtime\session_7fe24932\static\downloads\readme.txt
2026-05-07 17:26:27,106 - changes - WARNING - [session_7fe24932] File deleted: d:\antigravity\vulnerable app\runtime\session_7fe24932\static\images\ereader.png
2026-05-07 17:26:27,106 - changes - WARNING - [session_7fe24932] File deleted: d:\antigravity\vulnerable app\runtime\session_7fe24932\static\images\wireless_charger.png
2026-05-07 17:26:27,107 - changes - WARNING - [session_7fe24932] File deleted: d:\antigravity\vulnerable app\runtime\session_7fe24932\templates\base.html
2026-05-07 17:26:27,107 - changes - WARNING - [session_7fe24932] File deleted: d:\antigravity\vulnerable app\runtime\session_7fe24932\templates\index.html
2026-05-07 17:26:27,107 - changes - WARNING - [session_7fe24932] File deleted: d:\antigravity\vulnerable app\runtime\session_7fe24932\templates\lab.html
2026-05-07 17:26:27,107 - changes - WARNING - [session_7fe24932] File deleted: d:\antigravity\vulnerable app\runtime\session_7fe24932\templates\lab_auth.html
2026-05-07 17:26:27,107 - changes - WARNING - [session_7fe24932] File deleted: d:\antigravity\vulnerable app\runtime\session_7fe24932\templates\lab_brute.html
2026-05-07 17:26:27,107 - changes - WARNING - [session_7fe24932] File deleted: d:\antigravity\vulnerable app\runtime\session_7fe24932\templates\lab_bruteforce.html
2026-05-07 17:26:27,107 - changes - WARNING - [session_7fe24932] File deleted: d:\antigravity\vulnerable app\runtime\session_7fe24932\templates\lab_csrf.html
2026-05-07 17:26:27,107 - changes - WARNING - [session_7fe24932] File deleted: d:\antigravity\vulnerable app\runtime\session_7fe24932\templates\lab_csrf_attack.html
2026-05-07 17:26:27,107 - changes - WARNING - [session_7fe24932] File deleted: d:\antigravity\vulnerable app\runtime\session_7fe24932\templates\lab_dos.html
2026-05-07 17:26:27,107 - changes - WARNING - [session_7fe24932] File deleted: d:\antigravity\vulnerable app\runtime\session_7fe24932\templates\lab_idor.html
2026-05-07 17:26:27,107 - changes - WARNING - [session_7fe24932] File deleted: d:\antigravity\vulnerable app\runtime\session_7fe24932\templates\lab_info.html
2026-05-07 17:26:27,107 - changes - WARNING - [session_7fe24932] File deleted: d:\antigravity\vulnerable app\runtime\session_7fe24932\templates\lab_logic.html
2026-05-07 17:26:27,107 - changes - WARNING - [session_7fe24932] File deleted: d:\antigravity\vulnerable app\runtime\session_7fe24932\templates\lab_mitm.html
2026-05-07 17:26:27,107 - changes - WARNING - [session_7fe24932] File deleted: d:\antigravity\vulnerable app\runtime\session_7fe24932\templates\lab_orders.html
2026-05-07 17:26:27,108 - changes - WARNING - [session_7fe24932] File deleted: d:\antigravity\vulnerable app\runtime\session_7fe24932\templates\lab_phishing.html
2026-05-07 17:26:27,108 - changes - WARNING - [session_7fe24932] File deleted: d:\antigravity\vulnerable app\runtime\session_7fe24932\templates\lab_ransomware.html
2026-05-07 17:26:27,108 - changes - WARNING - [session_7fe24932] File deleted: d:\antigravity\vulnerable app\runtime\session_7fe24932\templates\lab_redirect.html
2026-05-07 17:26:27,108 - changes - WARNING - [session_7fe24932] File deleted: d:\antigravity\vulnerable app\runtime\session_7fe24932\templates\lab_sqli.html
2026-05-07 17:26:27,108 - changes - WARNING - [session_7fe24932] File deleted: d:\antigravity\vulnerable app\runtime\session_7fe24932\templates\lab_stored_xss.html
2026-05-07 17:26:27,108 - changes - WARNING - [session_7fe24932] File deleted: d:\antigravity\vulnerable app\runtime\session_7fe24932\templates\lab_traversal.html
2026-05-07 17:26:27,108 - changes - WARNING - [session_7fe24932] File deleted: d:\antigravity\vulnerable app\runtime\session_7fe24932\templates\lab_upload.html
2026-05-07 17:26:27,108 - changes - WARNING - [session_7fe24932] File deleted: d:\antigravity\vulnerable app\runtime\session_7fe24932\templates\lab_xss.html
2026-05-07 17:26:27,108 - changes - WARNING - [session_7fe24932] File deleted: d:\antigravity\vulnerable app\runtime\session_7fe24932\templates\product.html
2026-05-07 17:26:27,108 - changes - WARNING - [session_7fe24932] File deleted: d:\antigravity\vulnerable app\runtime\session_7fe24932\templates\register.html
2026-05-07 17:26:27,108 - changes - WARNING - [session_7fe24932] File deleted: d:\antigravity\vulnerable app\runtime\session_7fe24932\__pycache__\app.cpython-313.pyc
2026-05-07 17:26:27,108 - changes - WARNING - [session_7fe24932] File deleted: d:\antigravity\vulnerable app\runtime\session_7fe24932\__pycache__\models.cpython-313.pyc
2026-05-07 17:30:55,226 - changes - WARNING - [session_32291324] File deleted: d:\antigravity\vulnerable app\runtime\session_32291324\templates\checkout.html
2026-05-07 17:32:29,108 - changes - WARNING - [session_d3520904] File deleted: d:\antigravity\vulnerable app\runtime\session_d3520904\templates\checkout.html
2026-05-07 17:38:19,275 - changes - INFO - [session_d3520904] File created: d:\antigravity\vulnerable app\runtime\session_d3520904\templates\checkout.html
2026-05-07 18:02:22,197 - changes - WARNING - [session_3e354844] File deleted: d:\antigravity\vulnerable app\runtime\session_3e354844\templates\cart.html
2026-05-07 18:03:25,969 - changes - WARNING - [session_42c55a56] File deleted: d:\antigravity\vulnerable app\runtime\session_42c55a56\templates\login.html
2026-05-07 18:15:22,731 - changes - WARNING - [session_dd9e4ba8] File deleted: d:\antigravity\vulnerable app\runtime\session_dd9e4ba8\templates\cart.html
2026-05-07 18:24:42,352 - changes - WARNING - [session_b747032c] File deleted: D:\antigravity\vulnerable app\runtime\session_b747032c\static\images\wireless_charger.png
2026-05-07 18:25:12,360 - changes - INFO - [session_b747032c] File modified: D:\antigravity\vulnerable app\runtime\session_b747032c\app.py
